<?xml version="1.0" encoding="UTF-8"?>
<!-- Generated by org.testng.reporters.JUnitXMLReporter -->
<testsuite ignored="18" hostname="LAPTOP-R4RHI0I8" failures="0" tests="3" name="Test" time="0.372" errors="0" timestamp="2022-10-13T15:36:24 IST">
  <testcase classname="com.crm.Generic_utility.Baseclass" name="@BeforeClass BC" time="-1.665655583562E9">
    <failure type="org.testng.TestNGException" message="
Can inject only one of &amp;lt;ITestContext, XmlTest&amp;gt; into a @BeforeClass annotated BC.
For more information on native dependency injection please refer to https://testng.org/doc/documentation-main.html#native-dependency-injection">
      <![CDATA[org.testng.TestNGException: 
Can inject only one of <ITestContext, XmlTest> into a @BeforeClass annotated BC.
For more information on native dependency injection please refer to https://testng.org/doc/documentation-main.html#native-dependency-injection
at java.base/java.util.ArrayList.forEach(ArrayList.java:1511)
... Removed 22 stack frames]]>
    </failure>
  </testcase> <!-- @BeforeClass BC -->
  <testcase classname="com.crm.Generic_utility.Baseclass" name="@BeforeMethod BM" time="-1.665655583643E9">
    <skipped/>
  </testcase> <!-- @BeforeMethod BM -->
  <testcase classname="com.crm.Generic_utility.Baseclass" name="@AfterMethod AM" time="-1.66565558367E9">
    <skipped/>
  </testcase> <!-- @AfterMethod AM -->
  <testcase classname="com.crm.Generic_utility.Baseclass" name="@AfterClass AC" time="-1.665655583695E9">
    <skipped/>
  </testcase> <!-- @AfterClass AC -->
  <testcase classname="com.crm.Generic_utility.Baseclass" name="@BeforeClass BC" time="-1.665655583712E9">
    <failure type="org.testng.TestNGException" message="
Can inject only one of &amp;lt;ITestContext, XmlTest&amp;gt; into a @BeforeClass annotated BC.
For more information on native dependency injection please refer to https://testng.org/doc/documentation-main.html#native-dependency-injection">
      <![CDATA[org.testng.TestNGException: 
Can inject only one of <ITestContext, XmlTest> into a @BeforeClass annotated BC.
For more information on native dependency injection please refer to https://testng.org/doc/documentation-main.html#native-dependency-injection
at java.base/java.util.ArrayList.forEach(ArrayList.java:1511)
... Removed 22 stack frames]]>
    </failure>
  </testcase> <!-- @BeforeClass BC -->
  <testcase classname="com.crm.Generic_utility.Baseclass" name="@BeforeMethod BM" time="-1.66565558373E9">
    <skipped/>
  </testcase> <!-- @BeforeMethod BM -->
  <testcase classname="com.crm.Generic_utility.Baseclass" name="@AfterMethod AM" time="-1.665655583793E9">
    <skipped/>
  </testcase> <!-- @AfterMethod AM -->
  <testcase classname="com.crm.Generic_utility.Baseclass" name="@AfterClass AC" time="-1.665655583797E9">
    <skipped/>
  </testcase> <!-- @AfterClass AC -->
  <testcase classname="com.crm.Generic_utility.Baseclass" name="@BeforeClass BC" time="-1.665655583804E9">
    <failure type="org.testng.TestNGException" message="
Can inject only one of &amp;lt;ITestContext, XmlTest&amp;gt; into a @BeforeClass annotated BC.
For more information on native dependency injection please refer to https://testng.org/doc/documentation-main.html#native-dependency-injection">
      <![CDATA[org.testng.TestNGException: 
Can inject only one of <ITestContext, XmlTest> into a @BeforeClass annotated BC.
For more information on native dependency injection please refer to https://testng.org/doc/documentation-main.html#native-dependency-injection
at java.base/java.util.ArrayList.forEach(ArrayList.java:1511)
... Removed 22 stack frames]]>
    </failure>
  </testcase> <!-- @BeforeClass BC -->
  <testcase classname="com.crm.Generic_utility.Baseclass" name="@BeforeMethod BM" time="-1.66565558382E9">
    <skipped/>
  </testcase> <!-- @BeforeMethod BM -->
  <testcase classname="com.crm.Generic_utility.Baseclass" name="@AfterMethod AM" time="-1.665655583839E9">
    <skipped/>
  </testcase> <!-- @AfterMethod AM -->
  <testcase classname="com.crm.Generic_utility.Baseclass" name="@AfterClass AC" time="-1.665655583844E9">
    <skipped/>
  </testcase> <!-- @AfterClass AC -->
  <testcase classname="com.crm.Generic_utility.Baseclass" name="@AfterTest AT" time="0.035">
    <failure type="java.lang.NullPointerException" message="Cannot invoke &amp;quot;org.openqa.selenium.WebDriver.quit()&amp;quot; because &amp;quot;this.driver&amp;quot; is null">
      <![CDATA[java.lang.NullPointerException: Cannot invoke "org.openqa.selenium.WebDriver.quit()" because "this.driver" is null
at com.crm.Generic_utility.Baseclass.AT(Baseclass.java:100)
... Removed 24 stack frames]]>
    </failure>
  </testcase> <!-- @AfterTest AT -->
  <testcase classname="com.crm.campaign.Campaigndemo2Test" name="campaigndemo2Test" time="0.0">
    <skipped/>
  </testcase> <!-- campaigndemo2Test -->
  <testcase classname="com.crm.product.ProductDemoTest" name="productDemoTest" time="0.0">
    <skipped/>
  </testcase> <!-- productDemoTest -->
  <testcase classname="com.crm.campaign.ProductcreateanddeletedempTest" name="productcreateanddeletedempTest" time="0.0">
    <skipped/>
  </testcase> <!-- productcreateanddeletedempTest -->
  <testcase classname="com.crm.Generic_utility.Baseclass" name="@AfterTest AT" time="0.0">
    <ignored/>
  </testcase> <!-- @AfterTest AT -->
  <testcase classname="com.crm.Generic_utility.Baseclass" name="@AfterTest AT" time="0.0">
    <ignored/>
  </testcase> <!-- @AfterTest AT -->
  <testcase classname="com.crm.Generic_utility.Baseclass" name="@AfterTest AT" time="0.0">
    <ignored/>
  </testcase> <!-- @AfterTest AT -->
  <testcase classname="com.crm.Generic_utility.Baseclass" name="@AfterTest AT" time="0.0">
    <ignored/>
  </testcase> <!-- @AfterTest AT -->
  <testcase classname="com.crm.Generic_utility.Baseclass" name="@BeforeTest BT" time="0.0">
    <ignored/>
  </testcase> <!-- @BeforeTest BT -->
  <testcase classname="com.crm.Generic_utility.Baseclass" name="@BeforeTest BT" time="0.0">
    <ignored/>
  </testcase> <!-- @BeforeTest BT -->
  <testcase classname="com.crm.Generic_utility.Baseclass" name="@BeforeTest BT" time="0.0">
    <ignored/>
  </testcase> <!-- @BeforeTest BT -->
  <testcase classname="com.crm.Generic_utility.Baseclass" name="@BeforeTest BT" time="0.0">
    <ignored/>
  </testcase> <!-- @BeforeTest BT -->
  <testcase classname="com.crm.Generic_utility.Baseclass" name="@AfterSuite AS" time="0.0">
    <ignored/>
  </testcase> <!-- @AfterSuite AS -->
  <testcase classname="com.crm.Generic_utility.Baseclass" name="@AfterSuite AS" time="0.0">
    <ignored/>
  </testcase> <!-- @AfterSuite AS -->
  <testcase classname="com.crm.Generic_utility.Baseclass" name="@AfterSuite AS" time="0.0">
    <ignored/>
  </testcase> <!-- @AfterSuite AS -->
  <testcase classname="com.crm.Generic_utility.Baseclass" name="@AfterSuite AS" time="0.0">
    <ignored/>
  </testcase> <!-- @AfterSuite AS -->
  <testcase classname="com.crm.Generic_utility.Baseclass" name="@BeforeSuite BS" time="0.0">
    <ignored/>
  </testcase> <!-- @BeforeSuite BS -->
  <testcase classname="com.crm.Generic_utility.Baseclass" name="@BeforeSuite BS" time="0.0">
    <ignored/>
  </testcase> <!-- @BeforeSuite BS -->
  <testcase classname="com.crm.Generic_utility.Baseclass" name="@BeforeSuite BS" time="0.0">
    <ignored/>
  </testcase> <!-- @BeforeSuite BS -->
  <testcase classname="com.crm.Generic_utility.Baseclass" name="@BeforeSuite BS" time="0.0">
    <ignored/>
  </testcase> <!-- @BeforeSuite BS -->
  <testcase classname="com.crm.campaign.CampaigndemoTest" name="campaigndemoTest" time="0.0">
    <ignored/>
  </testcase> <!-- campaigndemoTest -->
  <testcase classname="com.crm.organisation.Demoorganisation" name="demoorganisation" time="0.0">
    <ignored/>
  </testcase> <!-- demoorganisation -->
</testsuite> <!-- Test -->
