<?xml version="1.0" encoding="UTF-8"?>
<!-- Generated by org.testng.reporters.JUnitXMLReporter -->
<testsuite ignored="0" hostname="LAPTOP-R4RHI0I8" failures="0" tests="3" name="Default test" time="101.985" errors="0" timestamp="2022-10-14T12:01:19 IST">
  <testcase classname="Practice.DataProviderdemo" name="companyDetails" time="36.1"/>
  <testcase classname="Practice.DataProviderdemo" name="companyDetails" time="34.48"/>
  <testcase classname="Practice.DataProviderdemo" name="companyDetails" time="31.209"/>
</testsuite> <!-- Default test -->
