<?xml version="1.0" encoding="UTF-8"?>
<testng-results ignored="0" total="3" passed="3" failed="0" skipped="0">
  <reporter-output>
  </reporter-output>
  <suite started-at="2022-10-14T11:59:37 IST" name="Default suite" finished-at="2022-10-14T12:01:19 IST" duration-ms="101985">
    <groups>
    </groups>
    <test started-at="2022-10-14T11:59:37 IST" name="Default test" finished-at="2022-10-14T12:01:19 IST" duration-ms="101985">
      <class name="Practice.DataProviderdemo">
        <test-method signature="companyDetails(java.lang.String,java.lang.String,java.lang.String)[pri:0, instance:Practice.DataProviderdemo@50b5ac82]" started-at="2022-10-14T11:59:37 IST" name="companyDetails" data-provider="dataProvider_test" finished-at="2022-10-14T12:00:13 IST" duration-ms="36100" status="PASS">
          <params>
            <param index="0">
              <value>
                <![CDATA[Vishwanath]]>
              </value>
            </param>
            <param index="1">
              <value>
                <![CDATA[9739842384]]>
              </value>
            </param>
            <param index="2">
              <value>
                <![CDATA[Vishu@gmail.com]]>
              </value>
            </param>
          </params>
          <reporter-output>
          </reporter-output>
        </test-method> <!-- companyDetails -->
        <test-method signature="companyDetails(java.lang.String,java.lang.String,java.lang.String)[pri:0, instance:Practice.DataProviderdemo@50b5ac82]" started-at="2022-10-14T12:00:13 IST" name="companyDetails" data-provider="dataProvider_test" finished-at="2022-10-14T12:00:47 IST" duration-ms="34480" status="PASS">
          <params>
            <param index="0">
              <value>
                <![CDATA[Abhayant]]>
              </value>
            </param>
            <param index="1">
              <value>
                <![CDATA[8904255627]]>
              </value>
            </param>
            <param index="2">
              <value>
                <![CDATA[abhi@gmail.com]]>
              </value>
            </param>
          </params>
          <reporter-output>
          </reporter-output>
        </test-method> <!-- companyDetails -->
        <test-method signature="companyDetails(java.lang.String,java.lang.String,java.lang.String)[pri:0, instance:Practice.DataProviderdemo@50b5ac82]" started-at="2022-10-14T12:00:47 IST" name="companyDetails" data-provider="dataProvider_test" finished-at="2022-10-14T12:01:18 IST" duration-ms="31209" status="PASS">
          <params>
            <param index="0">
              <value>
                <![CDATA[sanju]]>
              </value>
            </param>
            <param index="1">
              <value>
                <![CDATA[9874563321]]>
              </value>
            </param>
            <param index="2">
              <value>
                <![CDATA[sanjugmail.com]]>
              </value>
            </param>
          </params>
          <reporter-output>
          </reporter-output>
        </test-method> <!-- companyDetails -->
      </class> <!-- Practice.DataProviderdemo -->
    </test> <!-- Default test -->
  </suite> <!-- Default suite -->
</testng-results>
